This is pdfTeX, Version 3.1415926-2.5-1.40.14 (MiKTeX 2.9) (preloaded format=pdflatex 2015.2.27)  23 DEC 2015 05:10
entering extended mode
**C:/Users/Yeojin/Documents/GitHub/foldncut/report/report.tex
(C:/Users/Yeojin/Documents/GitHub/foldncut/report/report.tex
LaTeX2e <2011/06/27>
Babel <v3.8m> and hyphenation patterns for english, afrikaans, ancientgreek, ar
abic, armenian, assamese, basque, bengali, bokmal, bulgarian, catalan, coptic, 
croatian, czech, danish, dutch, esperanto, estonian, farsi, finnish, french, ga
lician, german, german-x-2013-05-26, greek, gujarati, hindi, hungarian, iceland
ic, indonesian, interlingua, irish, italian, kannada, kurmanji, latin, latvian,
 lithuanian, malayalam, marathi, mongolian, mongolianlmc, monogreek, ngerman, n
german-x-2013-05-26, nynorsk, oriya, panjabi, pinyin, polish, portuguese, roman
ian, russian, sanskrit, serbian, slovak, slovenian, spanish, swedish, swissgerm
an, tamil, telugu, turkish, turkmen, ukenglish, ukrainian, uppersorbian, usengl
ishmax, welsh, loaded.
("C:\Program Files\MiKTeX 2.9\tex\latex\base\article.cls"
Document Class: article 2007/10/19 v1.4h Standard LaTeX document class
("C:\Program Files\MiKTeX 2.9\tex\latex\base\size11.clo"
File: size11.clo 2007/10/19 v1.4h Standard LaTeX file (size option)
)
\c@part=\count79
\c@section=\count80
\c@subsection=\count81
\c@subsubsection=\count82
\c@paragraph=\count83
\c@subparagraph=\count84
\c@figure=\count85
\c@table=\count86
\abovecaptionskip=\skip41
\belowcaptionskip=\skip42
\bibindent=\dimen102
)
("C:\Program Files\MiKTeX 2.9\tex\latex\base\latexsym.sty"
Package: latexsym 1998/08/17 v2.2e Standard LaTeX package (lasy symbols)
\symlasy=\mathgroup4
LaTeX Font Info:    Overwriting symbol font `lasy' in version `bold'
(Font)                  U/lasy/m/n --> U/lasy/b/n on input line 47.
)
("C:\Program Files\MiKTeX 2.9\tex\latex\algorithms\algorithm.sty"
Package: algorithm 2009/08/24 v0.1 Document Style `algorithm' - floating enviro
nment

("C:\Program Files\MiKTeX 2.9\tex\latex\float\float.sty"
Package: float 2001/11/08 v1.3d Float enhancements (AL)
\c@float@type=\count87
\float@exts=\toks14
\float@box=\box26
\@float@everytoks=\toks15
\@floatcapt=\box27
)
("C:\Program Files\MiKTeX 2.9\tex\latex\base\ifthen.sty"
Package: ifthen 2001/05/26 v1.1c Standard LaTeX ifthen package (DPC)
)
\@float@every@algorithm=\toks16
\c@algorithm=\count88
)
("C:\Program Files\MiKTeX 2.9\tex\latex\algorithmicx\algpseudocode.sty"
Package: algpseudocode 

("C:\Program Files\MiKTeX 2.9\tex\latex\algorithmicx\algorithmicx.sty"
Package: algorithmicx 2005/04/27 v1.2 Algorithmicx

Document Style algorithmicx 1.2 - a greatly improved `algorithmic' style
\c@ALG@line=\count89
\c@ALG@rem=\count90
\c@ALG@nested=\count91
\ALG@tlm=\skip43
\ALG@thistlm=\skip44
\c@ALG@Lnr=\count92
\c@ALG@blocknr=\count93
\c@ALG@storecount=\count94
\c@ALG@tmpcounter=\count95
\ALG@tmplength=\skip45
)
Document Style - pseudocode environments for use with the `algorithmicx' style
) ("C:\Program Files\MiKTeX 2.9\tex\latex\amsmath\amsmath.sty"
Package: amsmath 2013/01/14 v2.14 AMS math features
\@mathmargin=\skip46

For additional information on amsmath, use the `?' option.
("C:\Program Files\MiKTeX 2.9\tex\latex\amsmath\amstext.sty"
Package: amstext 2000/06/29 v2.01

("C:\Program Files\MiKTeX 2.9\tex\latex\amsmath\amsgen.sty"
File: amsgen.sty 1999/11/30 v2.0
\@emptytoks=\toks17
\ex@=\dimen103
))
("C:\Program Files\MiKTeX 2.9\tex\latex\amsmath\amsbsy.sty"
Package: amsbsy 1999/11/29 v1.2d
\pmbraise@=\dimen104
)
("C:\Program Files\MiKTeX 2.9\tex\latex\amsmath\amsopn.sty"
Package: amsopn 1999/12/14 v2.01 operator names
)
\inf@bad=\count96
LaTeX Info: Redefining \frac on input line 210.
\uproot@=\count97
\leftroot@=\count98
LaTeX Info: Redefining \overline on input line 306.
\classnum@=\count99
\DOTSCASE@=\count100
LaTeX Info: Redefining \ldots on input line 378.
LaTeX Info: Redefining \dots on input line 381.
LaTeX Info: Redefining \cdots on input line 466.
\Mathstrutbox@=\box28
\strutbox@=\box29
\big@size=\dimen105
LaTeX Font Info:    Redeclaring font encoding OML on input line 566.
LaTeX Font Info:    Redeclaring font encoding OMS on input line 567.
\macc@depth=\count101
\c@MaxMatrixCols=\count102
\dotsspace@=\muskip10
\c@parentequation=\count103
\dspbrk@lvl=\count104
\tag@help=\toks18
\row@=\count105
\column@=\count106
\maxfields@=\count107
\andhelp@=\toks19
\eqnshift@=\dimen106
\alignsep@=\dimen107
\tagshift@=\dimen108
\tagwidth@=\dimen109
\totwidth@=\dimen110
\lineht@=\dimen111
\@envbody=\toks20
\multlinegap=\skip47
\multlinetaggap=\skip48
\mathdisplay@stack=\toks21
LaTeX Info: Redefining \[ on input line 2665.
LaTeX Info: Redefining \] on input line 2666.
)
("C:\Program Files\MiKTeX 2.9\tex\latex\amsfonts\amssymb.sty"
Package: amssymb 2013/01/14 v3.01 AMS font symbols

("C:\Program Files\MiKTeX 2.9\tex\latex\amsfonts\amsfonts.sty"
Package: amsfonts 2013/01/14 v3.01 Basic AMSFonts support
\symAMSa=\mathgroup5
\symAMSb=\mathgroup6
LaTeX Font Info:    Overwriting math alphabet `\mathfrak' in version `bold'
(Font)                  U/euf/m/n --> U/euf/b/n on input line 106.
))
("C:\Program Files\MiKTeX 2.9\tex\latex\amscls\amsthm.sty"
Package: amsthm 2004/08/06 v2.20
\thm@style=\toks22
\thm@bodyfont=\toks23
\thm@headfont=\toks24
\thm@notefont=\toks25
\thm@headpunct=\toks26
\thm@preskip=\skip49
\thm@postskip=\skip50
\thm@headsep=\skip51
\dth@everypar=\toks27
)
("C:\Program Files\MiKTeX 2.9\tex\latex\graphics\graphicx.sty"
Package: graphicx 1999/02/16 v1.0f Enhanced LaTeX Graphics (DPC,SPQR)

("C:\Program Files\MiKTeX 2.9\tex\latex\graphics\keyval.sty"
Package: keyval 1999/03/16 v1.13 key=value parser (DPC)
\KV@toks@=\toks28
)
("C:\Program Files\MiKTeX 2.9\tex\latex\graphics\graphics.sty"
Package: graphics 2009/02/05 v1.0o Standard LaTeX Graphics (DPC,SPQR)

("C:\Program Files\MiKTeX 2.9\tex\latex\graphics\trig.sty"
Package: trig 1999/03/16 v1.09 sin cos tan (DPC)
)
("C:\Program Files\MiKTeX 2.9\tex\latex\00miktex\graphics.cfg"
File: graphics.cfg 2007/01/18 v1.5 graphics configuration of teTeX/TeXLive
)
Package graphics Info: Driver file: pdftex.def on input line 91.

("C:\Program Files\MiKTeX 2.9\tex\latex\pdftex-def\pdftex.def"
File: pdftex.def 2011/05/27 v0.06d Graphics/color for pdfTeX

("C:\Program Files\MiKTeX 2.9\tex\generic\oberdiek\infwarerr.sty"
Package: infwarerr 2010/04/08 v1.3 Providing info/warning/error messages (HO)
)
("C:\Program Files\MiKTeX 2.9\tex\generic\oberdiek\ltxcmds.sty"
Package: ltxcmds 2011/11/09 v1.22 LaTeX kernel commands for general use (HO)
)
\Gread@gobject=\count108
))
\Gin@req@height=\dimen112
\Gin@req@width=\dimen113
)
("C:\Program Files\MiKTeX 2.9\tex\latex\wrapfig\wrapfig.sty"
\wrapoverhang=\dimen114
\WF@size=\dimen115
\c@WF@wrappedlines=\count109
\WF@box=\box30
\WF@everypar=\toks29
Package: wrapfig 2003/01/31  v 3.6
)
("C:\Program Files\MiKTeX 2.9\tex\latex\pseudocode\pseudocode.sty"
** 
** Document Style `pseudocode' - environment 
** by D.L. Kreher and D.R. Stinson 
** 
** The pseudocode environment was originally developed for the book
** Combinatorial Algorithms: Enumeration, Generation, and Search
** CRC Press, 1999. 
Package: pseudocode 
\pcode@width=\skip52
("C:\Program Files\MiKTeX 2.9\tex\latex\fancybox\fancybox.sty"
Package: fancybox 2010/05/15 1.4

Style option: `fancybox' v1.4 <2010/05/15> (tvz)
\@fancybox=\box31
\shadowsize=\dimen116
\@Sbox=\box32
\do@VerbBox=\toks30
\the@fancyput=\toks31
\this@fancyput=\toks32
\EndVerbatimTokens=\toks33
\Verbatim@Outfile=\write3
\Verbatim@Infile=\read1
)
\c@pseudocode=\count110
\c@pseudonum=\count111
) ("C:\Program Files\MiKTeX 2.9\tex\latex\caption\subcaption.sty"
Package: subcaption 2015/09/15 v1.1-100 Sub-captions (AR)

("C:\Program Files\MiKTeX 2.9\tex\latex\caption\caption.sty"
Package: caption 2015/09/17 v3.3-111 Customizing captions (AR)

("C:\Program Files\MiKTeX 2.9\tex\latex\caption\caption3.sty"
Package: caption3 2015/09/20 v1.7-115 caption3 kernel (AR)
Package caption3 Info: TeX engine: e-TeX on input line 57.
\captionmargin=\dimen117
\captionmargin@=\dimen118
\captionwidth=\dimen119
\caption@tempdima=\dimen120
\caption@indent=\dimen121
\caption@parindent=\dimen122
\caption@hangindent=\dimen123
)
\c@ContinuedFloat=\count112
Package caption Info: float package is loaded.
Package caption Info: wrapfig package is loaded.
)
\c@subfigure=\count113
\c@subtable=\count114
)
("C:\Program Files\MiKTeX 2.9\tex\latex\url\url.sty"
\Urlmuskip=\muskip11
Package: url 2013/09/16  ver 3.4  Verb mode for urls, etc.
)
("C:\Program Files\MiKTeX 2.9\tex\latex\hyperref\hyperref.sty"
Package: hyperref 2012/11/06 v6.83m Hypertext links for LaTeX

("C:\Program Files\MiKTeX 2.9\tex\generic\oberdiek\hobsub-hyperref.sty"
Package: hobsub-hyperref 2012/04/25 v1.12 Bundle oberdiek, subset hyperref (HO)


("C:\Program Files\MiKTeX 2.9\tex\generic\oberdiek\hobsub-generic.sty"
Package: hobsub-generic 2012/04/25 v1.12 Bundle oberdiek, subset generic (HO)
Package: hobsub 2012/04/25 v1.12 Construct package bundles (HO)
Package hobsub Info: Skipping package `infwarerr' (already loaded).
Package hobsub Info: Skipping package `ltxcmds' (already loaded).
Package: ifluatex 2010/03/01 v1.3 Provides the ifluatex switch (HO)
Package ifluatex Info: LuaTeX not detected.
Package: ifvtex 2010/03/01 v1.5 Detect VTeX and its facilities (HO)
Package ifvtex Info: VTeX not detected.
Package: intcalc 2007/09/27 v1.1 Expandable calculations with integers (HO)
Package: ifpdf 2011/01/30 v2.3 Provides the ifpdf switch (HO)
Package ifpdf Info: pdfTeX in PDF mode is detected.
Package: etexcmds 2011/02/16 v1.5 Avoid name clashes with e-TeX commands (HO)
Package etexcmds Info: Could not find \expanded.
(etexcmds)             That can mean that you are not using pdfTeX 1.50 or
(etexcmds)             that some package has redefined \expanded.
(etexcmds)             In the latter case, load this package earlier.
Package: kvsetkeys 2012/04/25 v1.16 Key value parser (HO)
Package: kvdefinekeys 2011/04/07 v1.3 Define keys (HO)
Package: pdftexcmds 2011/11/29 v0.20 Utility functions of pdfTeX for LuaTeX (HO
)
Package pdftexcmds Info: LuaTeX not detected.
Package pdftexcmds Info: \pdf@primitive is available.
Package pdftexcmds Info: \pdf@ifprimitive is available.
Package pdftexcmds Info: \pdfdraftmode found.
Package: pdfescape 2011/11/25 v1.13 Implements pdfTeX's escape features (HO)
Package: bigintcalc 2012/04/08 v1.3 Expandable calculations on big integers (HO
)
Package: bitset 2011/01/30 v1.1 Handle bit-vector datatype (HO)
Package: uniquecounter 2011/01/30 v1.2 Provide unlimited unique counter (HO)
)
Package hobsub Info: Skipping package `hobsub' (already loaded).
Package: letltxmacro 2010/09/02 v1.4 Let assignment for LaTeX macros (HO)
Package: hopatch 2011/06/24 v1.1 Wrapper for package hooks (HO)
Package: xcolor-patch 2011/01/30 xcolor patch
Package: atveryend 2011/06/30 v1.8 Hooks at the very end of document (HO)
Package atveryend Info: \enddocument detected (standard20110627).
Package: atbegshi 2011/10/05 v1.16 At begin shipout hook (HO)
Package: refcount 2011/10/16 v3.4 Data extraction from label references (HO)
Package: hycolor 2011/01/30 v1.7 Color options for hyperref/bookmark (HO)
)
("C:\Program Files\MiKTeX 2.9\tex\generic\ifxetex\ifxetex.sty"
Package: ifxetex 2010/09/12 v0.6 Provides ifxetex conditional
)
("C:\Program Files\MiKTeX 2.9\tex\latex\oberdiek\auxhook.sty"
Package: auxhook 2011/03/04 v1.3 Hooks for auxiliary files (HO)
)
("C:\Program Files\MiKTeX 2.9\tex\latex\oberdiek\kvoptions.sty"
Package: kvoptions 2011/06/30 v3.11 Key value format for package options (HO)
)
\@linkdim=\dimen124
\Hy@linkcounter=\count115
\Hy@pagecounter=\count116

("C:\Program Files\MiKTeX 2.9\tex\latex\hyperref\pd1enc.def"
File: pd1enc.def 2012/11/06 v6.83m Hyperref: PDFDocEncoding definition (HO)
)
\Hy@SavedSpaceFactor=\count117

("C:\Program Files\MiKTeX 2.9\tex\latex\00miktex\hyperref.cfg"
File: hyperref.cfg 2002/06/06 v1.2 hyperref configuration of TeXLive
)
Package hyperref Info: Option `colorlinks' set `true' on input line 4319.
Package hyperref Info: Hyper figures OFF on input line 4443.
Package hyperref Info: Link nesting OFF on input line 4448.
Package hyperref Info: Hyper index ON on input line 4451.
Package hyperref Info: Plain pages OFF on input line 4458.
Package hyperref Info: Backreferencing ON on input line 4461.
Package hyperref Info: Implicit mode ON; LaTeX internals redefined.
Package hyperref Info: Bookmarks ON on input line 4688.

("C:\Program Files\MiKTeX 2.9\tex\latex\hyperref\backref.sty"
Package: backref 2012/07/25 v1.38 Bibliographical back referencing

("C:\Program Files\MiKTeX 2.9\tex\latex\oberdiek\rerunfilecheck.sty"
Package: rerunfilecheck 2011/04/15 v1.7 Rerun checks for auxiliary files (HO)
Package uniquecounter Info: New unique counter `rerunfilecheck' on input line 2
82.
))
\c@Hy@tempcnt=\count118
LaTeX Info: Redefining \url on input line 5041.
\XeTeXLinkMargin=\dimen125
\Fld@menulength=\count119
\Field@Width=\dimen126
\Fld@charsize=\dimen127
Package hyperref Info: Hyper figures OFF on input line 6295.
Package hyperref Info: Link nesting OFF on input line 6300.
Package hyperref Info: Hyper index ON on input line 6303.
Package hyperref Info: backreferencing ON on input line 6308.
Package hyperref Info: Link coloring ON on input line 6313.
Package hyperref Info: Link coloring with OCG OFF on input line 6320.
Package hyperref Info: PDF/A mode OFF on input line 6325.
LaTeX Info: Redefining \ref on input line 6365.
LaTeX Info: Redefining \pageref on input line 6369.
\Hy@abspage=\count120
\c@Item=\count121
\c@Hfootnote=\count122
)

Package hyperref Message: Driver (autodetected): hpdftex.

("C:\Program Files\MiKTeX 2.9\tex\latex\hyperref\hpdftex.def"
File: hpdftex.def 2012/11/06 v6.83m Hyperref driver for pdfTeX
\Fld@listcount=\count123
\c@bookmark@seq@number=\count124
\Hy@SectionHShift=\skip53
)
("C:\Program Files\MiKTeX 2.9\tex\latex\multirow\multirow.sty"
\bigstrutjot=\dimen128
)
\c@theorem=\count125

(C:\Users\Yeojin\Documents\GitHub\foldncut\report\report.aux)
LaTeX Font Info:    Checking defaults for OML/cmm/m/it on input line 59.
LaTeX Font Info:    ... okay on input line 59.
LaTeX Font Info:    Checking defaults for T1/cmr/m/n on input line 59.
LaTeX Font Info:    ... okay on input line 59.
LaTeX Font Info:    Checking defaults for OT1/cmr/m/n on input line 59.
LaTeX Font Info:    ... okay on input line 59.
LaTeX Font Info:    Checking defaults for OMS/cmsy/m/n on input line 59.
LaTeX Font Info:    ... okay on input line 59.
LaTeX Font Info:    Checking defaults for OMX/cmex/m/n on input line 59.
LaTeX Font Info:    ... okay on input line 59.
LaTeX Font Info:    Checking defaults for U/cmr/m/n on input line 59.
LaTeX Font Info:    ... okay on input line 59.
LaTeX Font Info:    Checking defaults for PD1/pdf/m/n on input line 59.
LaTeX Font Info:    ... okay on input line 59.

("C:\Program Files\MiKTeX 2.9\tex\context\base\supp-pdf.mkii"
[Loading MPS to PDF converter (version 2006.09.02).]
\scratchcounter=\count126
\scratchdimen=\dimen129
\scratchbox=\box33
\nofMPsegments=\count127
\nofMParguments=\count128
\everyMPshowfont=\toks34
\MPscratchCnt=\count129
\MPscratchDim=\dimen130
\MPnumerator=\count130
\makeMPintoPDFobject=\count131
\everyMPtoPDFconversion=\toks35
)
Package caption Info: Begin \AtBeginDocument code.
Package caption Info: hyperref package is loaded.
Package caption Info: End \AtBeginDocument code.
\AtBeginShipoutBox=\box34
 ("C:\Program Files\MiKTeX 2.9\tex\latex\graphics\color.sty"
Package: color 2005/11/14 v1.0j Standard LaTeX Color (DPC)

("C:\Program Files\MiKTeX 2.9\tex\latex\00miktex\color.cfg"
File: color.cfg 2007/01/18 v1.5 color configuration of teTeX/TeXLive
)
Package color Info: Driver file: pdftex.def on input line 130.
)
Package hyperref Info: Link coloring ON on input line 59.

("C:\Program Files\MiKTeX 2.9\tex\latex\hyperref\nameref.sty"
Package: nameref 2012/10/27 v2.43 Cross-referencing by name of section

("C:\Program Files\MiKTeX 2.9\tex\generic\oberdiek\gettitlestring.sty"
Package: gettitlestring 2010/12/03 v1.4 Cleanup title references (HO)
)
\c@section@level=\count132
)
LaTeX Info: Redefining \ref on input line 59.
LaTeX Info: Redefining \pageref on input line 59.
LaTeX Info: Redefining \nameref on input line 59.

(C:\Users\Yeojin\Documents\GitHub\foldncut\report\report.out)
(C:\Users\Yeojin\Documents\GitHub\foldncut\report\report.out)
\@outlinefile=\write4

Underfull \hbox (badness 10000) in paragraph at lines 82--84

 []

[1

{C:/ProgramData/MiKTeX/2.9/pdftex/config/pdftex.map}]
Underfull \hbox (badness 10000) in paragraph at lines 89--91

 []

<FIGS/Part1/fig6.png, id=60, 470.50781pt x 266.49562pt>
File: FIGS/Part1/fig6.png Graphic file (type png)

<use FIGS/Part1/fig6.png>
Package pdftex.def Info: FIGS/Part1/fig6.png used on input line 104.
(pdftex.def)             Requested size: 234.87749pt x 133.03603pt.
LaTeX Font Info:    Try loading font information for U+lasy on input line 110.
 ("C:\Program Files\MiKTeX 2.9\tex\latex\base\ulasy.fd"
File: ulasy.fd 1998/08/17 v2.2e LaTeX symbol font definitions
)
LaTeX Font Info:    Try loading font information for U+msa on input line 110.
 ("C:\Program Files\MiKTeX 2.9\tex\latex\amsfonts\umsa.fd"
File: umsa.fd 2013/01/14 v3.01 AMS symbols A
)
LaTeX Font Info:    Try loading font information for U+msb on input line 110.

("C:\Program Files\MiKTeX 2.9\tex\latex\amsfonts\umsb.fd"
File: umsb.fd 2013/01/14 v3.01 AMS symbols B
)
<FIGS/Part1/iss.png, id=62, 249.93375pt x 183.68625pt>
File: FIGS/Part1/iss.png Graphic file (type png)

<use FIGS/Part1/iss.png>
Package pdftex.def Info: FIGS/Part1/iss.png used on input line 114.
(pdftex.def)             Requested size: 187.89912pt x 138.10066pt.

<FIGS/Part1/ess.png, id=63, 249.93375pt x 184.43906pt>
File: FIGS/Part1/ess.png Graphic file (type png)

<use FIGS/Part1/ess.png>
Package pdftex.def Info: FIGS/Part1/ess.png used on input line 119.
(pdftex.def)             Requested size: 187.89912pt x 138.66666pt.
 <FIGS/Part1/swan.png, id=65, 770.88pt x 593.21625pt>
File: FIGS/Part1/swan.png Graphic file (type png)

<use FIGS/Part1/swan.png>
Package pdftex.def Info: FIGS/Part1/swan.png used on input line 124.
(pdftex.def)             Requested size: 234.87749pt x 180.74513pt.

Overfull \hbox (57.42514pt too wide) in paragraph at lines 109--130
\OT1/cmr/m/n/10.95 We have used CGAL func-tions $\OML/cmm/m/it/10.95 create[]in
terior[]straight[]skeleton[]\OT1/cmr/m/n/10.95 2()$ and $\OML/cmm/m/it/10.95 cr
eate[]exterior[]straight[]skeleton[]\OT1/cmr/m/n/10.95 2()$
 []

[2 <C:/Users/Yeojin/Documents/GitHub/foldncut/report/FIGS/Part1/fig6.png>]
Underfull \hbox (badness 10000) in paragraph at lines 134--136

 []

[3 <C:/Users/Yeojin/Documents/GitHub/foldncut/report/FIGS/Part1/iss.png> <C:/Us
ers/Yeojin/Documents/GitHub/foldncut/report/FIGS/Part1/ess.png> <C:/Users/Yeoji
n/Documents/GitHub/foldncut/report/FIGS/Part1/swan.png>]
<FIGS/Part2/ppd.png, id=83, 963.6pt x 542.025pt>
File: FIGS/Part2/ppd.png Graphic file (type png)
 <use FIGS/Part2/ppd.png>
Package pdftex.def Info: FIGS/Part2/ppd.png used on input line 153.
(pdftex.def)             Requested size: 469.75499pt x 264.23819pt.

<FIGS/Part2/square.png, id=85, 277.035pt x 167.87718pt>
File: FIGS/Part2/square.png Graphic file (type png)

<use FIGS/Part2/square.png>
Package pdftex.def Info: FIGS/Part2/square.png used on input line 161.
(pdftex.def)             Requested size: 187.89912pt x 113.86295pt.
 [4 <C:/Users/Yeojin/Documents/GitHub/foldncut/report/FIGS/Part2/ppd.png> <C:/U
sers/Yeojin/Documents/GitHub/foldncut/report/FIGS/Part2/square.png>]
LaTeX Font Info:    Try loading font information for OMS+cmr on input line 173.

 ("C:\Program Files\MiKTeX 2.9\tex\latex\base\omscmr.fd"
File: omscmr.fd 1999/05/25 v2.5h Standard LaTeX font definitions
)
LaTeX Font Info:    Font shape `OMS/cmr/m/n' in size <10.95> not available
(Font)              Font shape `OMS/cmsy/m/n' tried instead on input line 173.

<FIGS/Part2/mv.png, id=96, 389.20406pt x 293.59688pt>
File: FIGS/Part2/mv.png Graphic file (type png)
 <use FIGS/Part2/mv.png>
Package pdftex.def Info: FIGS/Part2/mv.png used on input line 180.
(pdftex.def)             Requested size: 234.87749pt x 177.18538pt.

<FIGS/Part4/s10.png, id=99, 328.97906pt x 328.22626pt>
File: FIGS/Part4/s10.png Graphic file (type png)

<use FIGS/Part4/s10.png>
Package pdftex.def Info: FIGS/Part4/s10.png used on input line 191.
(pdftex.def)             Requested size: 84.55244pt x 84.35518pt.

<FIGS/Part4/s11.png, id=100, 328.22626pt x 328.22626pt>
File: FIGS/Part4/s11.png Graphic file (type png)

<use FIGS/Part4/s11.png>
Package pdftex.def Info: FIGS/Part4/s11.png used on input line 196.
(pdftex.def)             Requested size: 84.55244pt x 84.5505pt.

<FIGS/Part4/s12.png, id=101, 326.72063pt x 326.72063pt>
File: FIGS/Part4/s12.png Graphic file (type png)

<use FIGS/Part4/s12.png>
Package pdftex.def Info: FIGS/Part4/s12.png used on input line 201.
(pdftex.def)             Requested size: 84.55244pt x 84.55151pt.

<FIGS/Part4/s13.png, id=102, 327.47343pt x 326.72063pt>
File: FIGS/Part4/s13.png Graphic file (type png)

<use FIGS/Part4/s13.png>
Package pdftex.def Info: FIGS/Part4/s13.png used on input line 206.
(pdftex.def)             Requested size: 84.55244pt x 84.35709pt.

<FIGS/Part4/s14.png, id=103, 328.22626pt x 328.22626pt>
File: FIGS/Part4/s14.png Graphic file (type png)

<use FIGS/Part4/s14.png>
Package pdftex.def Info: FIGS/Part4/s14.png used on input line 211.
(pdftex.def)             Requested size: 84.55244pt x 84.5505pt.

<FIGS/Part4/s20.png, id=104, 298.11375pt x 299.61937pt>
File: FIGS/Part4/s20.png Graphic file (type png)

<use FIGS/Part4/s20.png>
Package pdftex.def Info: FIGS/Part4/s20.png used on input line 222.
(pdftex.def)             Requested size: 84.55244pt x 84.97636pt.

<FIGS/Part4/s21.png, id=105, 296.60812pt x 295.1025pt>
File: FIGS/Part4/s21.png Graphic file (type png)

<use FIGS/Part4/s21.png>
Package pdftex.def Info: FIGS/Part4/s21.png used on input line 227.
(pdftex.def)             Requested size: 84.55244pt x 84.1231pt.

<FIGS/Part4/s22.png, id=106, 298.86656pt x 296.60812pt>
File: FIGS/Part4/s22.png Graphic file (type png)

<use FIGS/Part4/s22.png>
Package pdftex.def Info: FIGS/Part4/s22.png used on input line 232.
(pdftex.def)             Requested size: 84.55244pt x 83.91414pt.

<FIGS/Part4/s23.png, id=107, 298.86656pt x 298.86656pt>
File: FIGS/Part4/s23.png Graphic file (type png)

<use FIGS/Part4/s23.png>
Package pdftex.def Info: FIGS/Part4/s23.png used on input line 237.
(pdftex.def)             Requested size: 84.55244pt x 84.55309pt.

<FIGS/Part4/s24.png, id=108, 296.60812pt x 295.1025pt>
File: FIGS/Part4/s24.png Graphic file (type png)

<use FIGS/Part4/s24.png>
Package pdftex.def Info: FIGS/Part4/s24.png used on input line 242.
(pdftex.def)             Requested size: 84.55244pt x 84.1231pt.
 [5 <C:/Users/Yeojin/Documents/GitHub/foldncut/report/FIGS/Part2/mv.png>] <FIGS
/Part4/c10.png, id=119, 615.80063pt x 467.49657pt>
File: FIGS/Part4/c10.png Graphic file (type png)

<use FIGS/Part4/c10.png>
Package pdftex.def Info: FIGS/Part4/c10.png used on input line 253.
(pdftex.def)             Requested size: 84.55244pt x 64.18645pt.

<FIGS/Part4/c11.png, id=120, 613.54219pt x 469.00218pt>
File: FIGS/Part4/c11.png Graphic file (type png)

<use FIGS/Part4/c11.png>
Package pdftex.def Info: FIGS/Part4/c11.png used on input line 258.
(pdftex.def)             Requested size: 84.55244pt x 64.62933pt.
 <FIGS/Part4/c12.png, id=121, 614.295pt x 469.755pt>
File: FIGS/Part4/c12.png Graphic file (type png)

<use FIGS/Part4/c12.png>
Package pdftex.def Info: FIGS/Part4/c12.png used on input line 263.
(pdftex.def)             Requested size: 84.55244pt x 64.65422pt.

<FIGS/Part4/c13.png, id=122, 615.0478pt x 470.50781pt>
File: FIGS/Part4/c13.png Graphic file (type png)

<use FIGS/Part4/c13.png>
Package pdftex.def Info: FIGS/Part4/c13.png used on input line 268.
(pdftex.def)             Requested size: 84.55244pt x 64.67886pt.
 <FIGS/Part4/c14.png, id=123, 614.295pt x 468.24937pt>
File: FIGS/Part4/c14.png Graphic file (type png)

<use FIGS/Part4/c14.png>
Package pdftex.def Info: FIGS/Part4/c14.png used on input line 273.
(pdftex.def)             Requested size: 84.55244pt x 64.44699pt.

<FIGS/Part4/c20.png, id=124, 836.3747pt x 505.13719pt>
File: FIGS/Part4/c20.png Graphic file (type png)

<use FIGS/Part4/c20.png>
Package pdftex.def Info: FIGS/Part4/c20.png used on input line 284.
(pdftex.def)             Requested size: 84.55244pt x 51.06392pt.

<FIGS/Part4/c21.png, id=125, 834.11626pt x 504.38437pt>
File: FIGS/Part4/c21.png Graphic file (type png)

<use FIGS/Part4/c21.png>
Package pdftex.def Info: FIGS/Part4/c21.png used on input line 288.
(pdftex.def)             Requested size: 84.55244pt x 51.12636pt.

<FIGS/Part4/c22.png, id=126, 834.86906pt x 502.12593pt>
File: FIGS/Part4/c22.png Graphic file (type png)

<use FIGS/Part4/c22.png>
Package pdftex.def Info: FIGS/Part4/c22.png used on input line 292.
(pdftex.def)             Requested size: 84.55244pt x 50.85146pt.

<FIGS/Part4/c23.png, id=127, 834.86906pt x 504.38437pt>
File: FIGS/Part4/c23.png Graphic file (type png)

<use FIGS/Part4/c23.png>
Package pdftex.def Info: FIGS/Part4/c23.png used on input line 296.
(pdftex.def)             Requested size: 84.55244pt x 51.08017pt.

<FIGS/Part4/c24.png, id=128, 835.62187pt x 502.12593pt>
File: FIGS/Part4/c24.png Graphic file (type png)

<use FIGS/Part4/c24.png>
Package pdftex.def Info: FIGS/Part4/c24.png used on input line 300.
(pdftex.def)             Requested size: 84.55244pt x 50.80548pt.

<FIGS/Part4/cr_w.png, id=130, 614.295pt x 468.24937pt>
File: FIGS/Part4/cr_w.png Graphic file (type png)

<use FIGS/Part4/cr_w.png>
Package pdftex.def Info: FIGS/Part4/cr_w.png used on input line 310.
(pdftex.def)             Requested size: 131.53082pt x 100.25723pt.

<FIGS/Part4/cr_m.png, id=131, 835.62187pt x 502.12593pt>
File: FIGS/Part4/cr_m.png Graphic file (type png)

<use FIGS/Part4/cr_m.png>
Package pdftex.def Info: FIGS/Part4/cr_m.png used on input line 315.
(pdftex.def)             Requested size: 225.48038pt x 135.49153pt.
 [6 <C:/Users/Yeojin/Documents/GitHub/foldncut/report/FIGS/Part4/s10.png> <C:/U
sers/Yeojin/Documents/GitHub/foldncut/report/FIGS/Part4/s11.png> <C:/Users/Yeoj
in/Documents/GitHub/foldncut/report/FIGS/Part4/s12.png> <C:/Users/Yeojin/Docume
nts/GitHub/foldncut/report/FIGS/Part4/s13.png> <C:/Users/Yeojin/Documents/GitHu
b/foldncut/report/FIGS/Part4/s14.png> <C:/Users/Yeojin/Documents/GitHub/foldncu
t/report/FIGS/Part4/s20.png> <C:/Users/Yeojin/Documents/GitHub/foldncut/report/
FIGS/Part4/s21.png> <C:/Users/Yeojin/Documents/GitHub/foldncut/report/FIGS/Part
4/s22.png> <C:/Users/Yeojin/Documents/GitHub/foldncut/report/FIGS/Part4/s23.png
> <C:/Users/Yeojin/Documents/GitHub/foldncut/report/FIGS/Part4/s24.png> <C:/Use
rs/Yeojin/Documents/GitHub/foldncut/report/FIGS/Part4/c10.png> <C:/Users/Yeojin
/Documents/GitHub/foldncut/report/FIGS/Part4/c11.png> <C:/Users/Yeojin/Document
s/GitHub/foldncut/report/FIGS/Part4/c12.png> <C:/Users/Yeojin/Documents/GitHub/
foldncut/report/FIGS/Part4/c13.png> <C:/Users/Yeojin/Documents/GitHub/foldncut/
report/FIGS/Part4/c14.png> <C:/Users/Yeojin/Documents/GitHub/foldncut/report/FI
GS/Part4/c20.png> <C:/Users/Yeojin/Documents/GitHub/foldncut/report/FIGS/Part4/
c21.png> <C:/Users/Yeojin/Documents/GitHub/foldncut/report/FIGS/Part4/c22.png> 
<C:/Users/Yeojin/Documents/GitHub/foldncut/report/FIGS/Part4/c23.png> <C:/Users
/Yeojin/Documents/GitHub/foldncut/report/FIGS/Part4/c24.png>] <FIGS/Part5/small
star.png, id=162, 419.31656pt x 436.63126pt>
File: FIGS/Part5/smallstar.png Graphic file (type png)

<use FIGS/Part5/smallstar.png>
Package pdftex.def Info: FIGS/Part5/smallstar.png used on input line 329.
(pdftex.def)             Requested size: 131.53082pt x 136.95993pt.

<FIGS/Part5/turtle.png, id=163, 852.18375pt x 504.38437pt>
File: FIGS/Part5/turtle.png Graphic file (type png)

<use FIGS/Part5/turtle.png>
Package pdftex.def Info: FIGS/Part5/turtle.png used on input line 334.
(pdftex.def)             Requested size: 225.48038pt x 133.45341pt.

<FIGS/Part5/dup1.png, id=170, 614.295pt x 469.755pt>
File: FIGS/Part5/dup1.png Graphic file (type png)
 <use FIGS/Part5/dup1.png>
Package pdftex.def Info: FIGS/Part5/dup1.png used on input line 346.
(pdftex.def)             Requested size: 225.48038pt x 172.42323pt.

<FIGS/Part5/dedup1.png, id=171, 615.0478pt x 470.50781pt>
File: FIGS/Part5/dedup1.png Graphic file (type png)

<use FIGS/Part5/dedup1.png>
Package pdftex.def Info: FIGS/Part5/dedup1.png used on input line 351.
(pdftex.def)             Requested size: 225.48038pt x 172.49133pt.

<FIGS/Part5/dup2.png, id=172, 834.86906pt x 502.12593pt>
File: FIGS/Part5/dup2.png Graphic file (type png)

<use FIGS/Part5/dup2.png>
Package pdftex.def Info: FIGS/Part5/dup2.png used on input line 356.
(pdftex.def)             Requested size: 225.48038pt x 135.61412pt.

<FIGS/Part5/dedup2.png, id=173, 834.86906pt x 504.38437pt>
File: FIGS/Part5/dedup2.png Graphic file (type png)

<use FIGS/Part5/dedup2.png>
Package pdftex.def Info: FIGS/Part5/dedup2.png used on input line 361.
(pdftex.def)             Requested size: 225.48038pt x 136.22408pt.
 [7 <C:/Users/Yeojin/Documents/GitHub/foldncut/report/FIGS/Part4/cr_w.png> <C:/
Users/Yeojin/Documents/GitHub/foldncut/report/FIGS/Part4/cr_m.png> <C:/Users/Ye
ojin/Documents/GitHub/foldncut/report/FIGS/Part5/smallstar.png> <C:/Users/Yeoji
n/Documents/GitHub/foldncut/report/FIGS/Part5/turtle.png>] (C:\Users\Yeojin\Doc
uments\GitHub\foldncut\report\report.bbl
(C:\Users\Yeojin\Documents\GitHub\foldncut\report\report.brf)
\tf@brf=\write5
 [8 <C:/Users/Yeojin/Documents/GitHub/foldncut/report/FIGS/Part5/dup1.png> <C:/
Users/Yeojin/Documents/GitHub/foldncut/report/FIGS/Part5/dedup1.png> <C:/Users/
Yeojin/Documents/GitHub/foldncut/report/FIGS/Part5/dup2.png> <C:/Users/Yeojin/D
ocuments/GitHub/foldncut/report/FIGS/Part5/dedup2.png>])
Package atveryend Info: Empty hook `BeforeClearDocument' on input line 373.
 [9]
Package atveryend Info: Empty hook `AfterLastShipout' on input line 373.

(C:\Users\Yeojin\Documents\GitHub\foldncut\report\report.aux)
Package atveryend Info: Executing hook `AtVeryEndDocument' on input line 373.
Package atveryend Info: Executing hook `AtEndAfterFileList' on input line 373.
Package rerunfilecheck Info: File `report.out' has not changed.
(rerunfilecheck)             Checksum: 1180EF0F056553336591AD364524F87C;701.
Package rerunfilecheck Info: File `report.brf' has not changed.
(rerunfilecheck)             Checksum: 02B6EB2E38F342E08BF431EB9DFE84B1;268.
Package atveryend Info: Empty hook `AtVeryVeryEnd' on input line 373.
 ) 
Here is how much of TeX's memory you used:
 8460 strings out of 493921
 125849 string characters out of 3147279
 209954 words of memory out of 3000000
 11563 multiletter control sequences out of 15000+200000
 10470 words of font info for 41 fonts, out of 3000000 for 9000
 841 hyphenation exceptions out of 8191
 42i,9n,40p,888b,470s stack positions out of 5000i,500n,10000p,200000b,50000s
<C:/Program Files/MiKTeX 2.9/fonts/type1/public/amsfonts/cm/cmbx12.pfb><C:/Pr
ogram Files/MiKTeX 2.9/fonts/type1/public/amsfonts/cm/cmmi10.pfb><C:/Program Fi
les/MiKTeX 2.9/fonts/type1/public/amsfonts/cm/cmr10.pfb><C:/Program Files/MiKTe
X 2.9/fonts/type1/public/amsfonts/cm/cmr12.pfb><C:/Program Files/MiKTeX 2.9/fon
ts/type1/public/amsfonts/cm/cmsy10.pfb><C:/Program Files/MiKTeX 2.9/fonts/type1
/public/amsfonts/cm/cmsy8.pfb><C:/Program Files/MiKTeX 2.9/fonts/type1/public/a
msfonts/cm/cmti10.pfb>
Output written on report.pdf (9 pages, 2037418 bytes).
PDF statistics:
 240 PDF objects out of 1000 (max. 8388607)
 43 named destinations out of 1000 (max. 500000)
 256 words of extra memory for PDF output out of 10000 (max. 10000000)

