C:\USERS\W66_000\DOCUMENTS\GITHUB\FOLDNCUT\FOLDNCUT\DEBUG\FOLDNCUT.EXE
C:\USERS\W66_000\DOCUMENTS\GITHUB\FOLDNCUT\FOLDNCUT\DEBUG\FOLDNCUT.ILK
C:\USERS\W66_000\DOCUMENTS\GITHUB\FOLDNCUT\FOLDNCUT\DEBUG\FOLDNCUT.PDB
C:\Users\w66_000\Documents\GitHub\foldncut\foldncut\foldncut\Debug\cl.command.1.tlog
C:\Users\w66_000\Documents\GitHub\foldncut\foldncut\foldncut\Debug\CL.read.1.tlog
C:\Users\w66_000\Documents\GitHub\foldncut\foldncut\foldncut\Debug\CL.write.1.tlog
C:\USERS\W66_000\DOCUMENTS\GITHUB\FOLDNCUT\FOLDNCUT\FOLDNCUT\DEBUG\DRAWSCENE.OBJ
C:\USERS\W66_000\DOCUMENTS\GITHUB\FOLDNCUT\FOLDNCUT\FOLDNCUT\DEBUG\FOLDNCUT.EXE.EMBED.MANIFEST
C:\USERS\W66_000\DOCUMENTS\GITHUB\FOLDNCUT\FOLDNCUT\FOLDNCUT\DEBUG\FOLDNCUT.EXE.EMBED.MANIFEST.RES
C:\USERS\W66_000\DOCUMENTS\GITHUB\FOLDNCUT\FOLDNCUT\FOLDNCUT\DEBUG\FOLDNCUT.EXE.INTERMEDIATE.MANIFEST
C:\Users\w66_000\Documents\GitHub\foldncut\foldncut\foldncut\Debug\foldncut.vcxprojResolveAssemblyReference.cache
C:\Users\w66_000\Documents\GitHub\foldncut\foldncut\foldncut\Debug\foldncut.write.1.tlog
C:\Users\w66_000\Documents\GitHub\foldncut\foldncut\foldncut\Debug\foldncut_manifest.rc
C:\USERS\W66_000\DOCUMENTS\GITHUB\FOLDNCUT\FOLDNCUT\FOLDNCUT\DEBUG\HANDLINGSS.OBJ
C:\Users\w66_000\Documents\GitHub\foldncut\foldncut\foldncut\Debug\link.10580.read.1.tlog
C:\Users\w66_000\Documents\GitHub\foldncut\foldncut\foldncut\Debug\link.10580.write.1.tlog
C:\Users\w66_000\Documents\GitHub\foldncut\foldncut\foldncut\Debug\link.10580-cvtres.read.1.tlog
C:\Users\w66_000\Documents\GitHub\foldncut\foldncut\foldncut\Debug\link.10580-cvtres.write.1.tlog
C:\Users\w66_000\Documents\GitHub\foldncut\foldncut\foldncut\Debug\link.10644.read.1.tlog
C:\Users\w66_000\Documents\GitHub\foldncut\foldncut\foldncut\Debug\link.10644.write.1.tlog
C:\Users\w66_000\Documents\GitHub\foldncut\foldncut\foldncut\Debug\link.10644-cvtres.read.1.tlog
C:\Users\w66_000\Documents\GitHub\foldncut\foldncut\foldncut\Debug\link.10644-cvtres.write.1.tlog
C:\Users\w66_000\Documents\GitHub\foldncut\foldncut\foldncut\Debug\link.10668.read.1.tlog
C:\Users\w66_000\Documents\GitHub\foldncut\foldncut\foldncut\Debug\link.10668.write.1.tlog
C:\Users\w66_000\Documents\GitHub\foldncut\foldncut\foldncut\Debug\link.10668-cvtres.read.1.tlog
C:\Users\w66_000\Documents\GitHub\foldncut\foldncut\foldncut\Debug\link.10668-cvtres.write.1.tlog
C:\Users\w66_000\Documents\GitHub\foldncut\foldncut\foldncut\Debug\link.10780.read.1.tlog
C:\Users\w66_000\Documents\GitHub\foldncut\foldncut\foldncut\Debug\link.10780.write.1.tlog
C:\Users\w66_000\Documents\GitHub\foldncut\foldncut\foldncut\Debug\link.10780-cvtres.read.1.tlog
C:\Users\w66_000\Documents\GitHub\foldncut\foldncut\foldncut\Debug\link.10780-cvtres.write.1.tlog
C:\Users\w66_000\Documents\GitHub\foldncut\foldncut\foldncut\Debug\link.10800.read.1.tlog
C:\Users\w66_000\Documents\GitHub\foldncut\foldncut\foldncut\Debug\link.10800.write.1.tlog
C:\Users\w66_000\Documents\GitHub\foldncut\foldncut\foldncut\Debug\link.10800-cvtres.read.1.tlog
C:\Users\w66_000\Documents\GitHub\foldncut\foldncut\foldncut\Debug\link.10800-cvtres.write.1.tlog
C:\Users\w66_000\Documents\GitHub\foldncut\foldncut\foldncut\Debug\link.10860.read.1.tlog
C:\Users\w66_000\Documents\GitHub\foldncut\foldncut\foldncut\Debug\link.10860.write.1.tlog
C:\Users\w66_000\Documents\GitHub\foldncut\foldncut\foldncut\Debug\link.10860-cvtres.read.1.tlog
C:\Users\w66_000\Documents\GitHub\foldncut\foldncut\foldncut\Debug\link.10860-cvtres.write.1.tlog
C:\Users\w66_000\Documents\GitHub\foldncut\foldncut\foldncut\Debug\link.10992.read.1.tlog
C:\Users\w66_000\Documents\GitHub\foldncut\foldncut\foldncut\Debug\link.10992.write.1.tlog
C:\Users\w66_000\Documents\GitHub\foldncut\foldncut\foldncut\Debug\link.10992-cvtres.read.1.tlog
C:\Users\w66_000\Documents\GitHub\foldncut\foldncut\foldncut\Debug\link.10992-cvtres.write.1.tlog
C:\Users\w66_000\Documents\GitHub\foldncut\foldncut\foldncut\Debug\link.11340.read.1.tlog
C:\Users\w66_000\Documents\GitHub\foldncut\foldncut\foldncut\Debug\link.11340.write.1.tlog
C:\Users\w66_000\Documents\GitHub\foldncut\foldncut\foldncut\Debug\link.11340-cvtres.read.1.tlog
C:\Users\w66_000\Documents\GitHub\foldncut\foldncut\foldncut\Debug\link.11340-cvtres.write.1.tlog
C:\Users\w66_000\Documents\GitHub\foldncut\foldncut\foldncut\Debug\link.11452.read.1.tlog
C:\Users\w66_000\Documents\GitHub\foldncut\foldncut\foldncut\Debug\link.11452.write.1.tlog
C:\Users\w66_000\Documents\GitHub\foldncut\foldncut\foldncut\Debug\link.11452-cvtres.read.1.tlog
C:\Users\w66_000\Documents\GitHub\foldncut\foldncut\foldncut\Debug\link.11452-cvtres.write.1.tlog
C:\Users\w66_000\Documents\GitHub\foldncut\foldncut\foldncut\Debug\link.1148.read.1.tlog
C:\Users\w66_000\Documents\GitHub\foldncut\foldncut\foldncut\Debug\link.1148.write.1.tlog
C:\Users\w66_000\Documents\GitHub\foldncut\foldncut\foldncut\Debug\link.1148-cvtres.read.1.tlog
C:\Users\w66_000\Documents\GitHub\foldncut\foldncut\foldncut\Debug\link.1148-cvtres.write.1.tlog
C:\Users\w66_000\Documents\GitHub\foldncut\foldncut\foldncut\Debug\link.11596.read.1.tlog
C:\Users\w66_000\Documents\GitHub\foldncut\foldncut\foldncut\Debug\link.11596.write.1.tlog
C:\Users\w66_000\Documents\GitHub\foldncut\foldncut\foldncut\Debug\link.11596-cvtres.read.1.tlog
C:\Users\w66_000\Documents\GitHub\foldncut\foldncut\foldncut\Debug\link.11596-cvtres.write.1.tlog
C:\Users\w66_000\Documents\GitHub\foldncut\foldncut\foldncut\Debug\link.11796.read.1.tlog
C:\Users\w66_000\Documents\GitHub\foldncut\foldncut\foldncut\Debug\link.11796.write.1.tlog
C:\Users\w66_000\Documents\GitHub\foldncut\foldncut\foldncut\Debug\link.11796-cvtres.read.1.tlog
C:\Users\w66_000\Documents\GitHub\foldncut\foldncut\foldncut\Debug\link.11796-cvtres.write.1.tlog
C:\Users\w66_000\Documents\GitHub\foldncut\foldncut\foldncut\Debug\link.11844.read.1.tlog
C:\Users\w66_000\Documents\GitHub\foldncut\foldncut\foldncut\Debug\link.11844.write.1.tlog
C:\Users\w66_000\Documents\GitHub\foldncut\foldncut\foldncut\Debug\link.11844-cvtres.read.1.tlog
C:\Users\w66_000\Documents\GitHub\foldncut\foldncut\foldncut\Debug\link.11844-cvtres.write.1.tlog
C:\Users\w66_000\Documents\GitHub\foldncut\foldncut\foldncut\Debug\link.12068.read.1.tlog
C:\Users\w66_000\Documents\GitHub\foldncut\foldncut\foldncut\Debug\link.12068.write.1.tlog
C:\Users\w66_000\Documents\GitHub\foldncut\foldncut\foldncut\Debug\link.12068-cvtres.read.1.tlog
C:\Users\w66_000\Documents\GitHub\foldncut\foldncut\foldncut\Debug\link.12068-cvtres.write.1.tlog
C:\Users\w66_000\Documents\GitHub\foldncut\foldncut\foldncut\Debug\link.12224.read.1.tlog
C:\Users\w66_000\Documents\GitHub\foldncut\foldncut\foldncut\Debug\link.12224.write.1.tlog
C:\Users\w66_000\Documents\GitHub\foldncut\foldncut\foldncut\Debug\link.12224-cvtres.read.1.tlog
C:\Users\w66_000\Documents\GitHub\foldncut\foldncut\foldncut\Debug\link.12224-cvtres.write.1.tlog
C:\Users\w66_000\Documents\GitHub\foldncut\foldncut\foldncut\Debug\link.12252.read.1.tlog
C:\Users\w66_000\Documents\GitHub\foldncut\foldncut\foldncut\Debug\link.12252.write.1.tlog
C:\Users\w66_000\Documents\GitHub\foldncut\foldncut\foldncut\Debug\link.12252-cvtres.read.1.tlog
C:\Users\w66_000\Documents\GitHub\foldncut\foldncut\foldncut\Debug\link.12252-cvtres.write.1.tlog
C:\Users\w66_000\Documents\GitHub\foldncut\foldncut\foldncut\Debug\link.12256.read.1.tlog
C:\Users\w66_000\Documents\GitHub\foldncut\foldncut\foldncut\Debug\link.12256.write.1.tlog
C:\Users\w66_000\Documents\GitHub\foldncut\foldncut\foldncut\Debug\link.12256-cvtres.read.1.tlog
C:\Users\w66_000\Documents\GitHub\foldncut\foldncut\foldncut\Debug\link.12256-cvtres.write.1.tlog
C:\Users\w66_000\Documents\GitHub\foldncut\foldncut\foldncut\Debug\link.12300.read.1.tlog
C:\Users\w66_000\Documents\GitHub\foldncut\foldncut\foldncut\Debug\link.12300.write.1.tlog
C:\Users\w66_000\Documents\GitHub\foldncut\foldncut\foldncut\Debug\link.12300-cvtres.read.1.tlog
C:\Users\w66_000\Documents\GitHub\foldncut\foldncut\foldncut\Debug\link.12300-cvtres.write.1.tlog
C:\Users\w66_000\Documents\GitHub\foldncut\foldncut\foldncut\Debug\link.12544.read.1.tlog
C:\Users\w66_000\Documents\GitHub\foldncut\foldncut\foldncut\Debug\link.12544.write.1.tlog
C:\Users\w66_000\Documents\GitHub\foldncut\foldncut\foldncut\Debug\link.12544-cvtres.read.1.tlog
C:\Users\w66_000\Documents\GitHub\foldncut\foldncut\foldncut\Debug\link.12544-cvtres.write.1.tlog
C:\Users\w66_000\Documents\GitHub\foldncut\foldncut\foldncut\Debug\link.12676.read.1.tlog
C:\Users\w66_000\Documents\GitHub\foldncut\foldncut\foldncut\Debug\link.12676.write.1.tlog
C:\Users\w66_000\Documents\GitHub\foldncut\foldncut\foldncut\Debug\link.12676-cvtres.read.1.tlog
C:\Users\w66_000\Documents\GitHub\foldncut\foldncut\foldncut\Debug\link.12676-cvtres.write.1.tlog
C:\Users\w66_000\Documents\GitHub\foldncut\foldncut\foldncut\Debug\link.12684.read.1.tlog
C:\Users\w66_000\Documents\GitHub\foldncut\foldncut\foldncut\Debug\link.12684.write.1.tlog
C:\Users\w66_000\Documents\GitHub\foldncut\foldncut\foldncut\Debug\link.12684-cvtres.read.1.tlog
C:\Users\w66_000\Documents\GitHub\foldncut\foldncut\foldncut\Debug\link.12684-cvtres.write.1.tlog
C:\Users\w66_000\Documents\GitHub\foldncut\foldncut\foldncut\Debug\link.12704.read.1.tlog
C:\Users\w66_000\Documents\GitHub\foldncut\foldncut\foldncut\Debug\link.12704.write.1.tlog
C:\Users\w66_000\Documents\GitHub\foldncut\foldncut\foldncut\Debug\link.12704-cvtres.read.1.tlog
C:\Users\w66_000\Documents\GitHub\foldncut\foldncut\foldncut\Debug\link.12704-cvtres.write.1.tlog
C:\Users\w66_000\Documents\GitHub\foldncut\foldncut\foldncut\Debug\link.13132.read.1.tlog
C:\Users\w66_000\Documents\GitHub\foldncut\foldncut\foldncut\Debug\link.13132.write.1.tlog
C:\Users\w66_000\Documents\GitHub\foldncut\foldncut\foldncut\Debug\link.13132-cvtres.read.1.tlog
C:\Users\w66_000\Documents\GitHub\foldncut\foldncut\foldncut\Debug\link.13132-cvtres.write.1.tlog
C:\Users\w66_000\Documents\GitHub\foldncut\foldncut\foldncut\Debug\link.1504.read.1.tlog
C:\Users\w66_000\Documents\GitHub\foldncut\foldncut\foldncut\Debug\link.1504.write.1.tlog
C:\Users\w66_000\Documents\GitHub\foldncut\foldncut\foldncut\Debug\link.1504-cvtres.read.1.tlog
C:\Users\w66_000\Documents\GitHub\foldncut\foldncut\foldncut\Debug\link.1504-cvtres.write.1.tlog
C:\Users\w66_000\Documents\GitHub\foldncut\foldncut\foldncut\Debug\link.1580.read.1.tlog
C:\Users\w66_000\Documents\GitHub\foldncut\foldncut\foldncut\Debug\link.1580.write.1.tlog
C:\Users\w66_000\Documents\GitHub\foldncut\foldncut\foldncut\Debug\link.1580-cvtres.read.1.tlog
C:\Users\w66_000\Documents\GitHub\foldncut\foldncut\foldncut\Debug\link.1580-cvtres.write.1.tlog
C:\Users\w66_000\Documents\GitHub\foldncut\foldncut\foldncut\Debug\link.2356.read.1.tlog
C:\Users\w66_000\Documents\GitHub\foldncut\foldncut\foldncut\Debug\link.2356.write.1.tlog
C:\Users\w66_000\Documents\GitHub\foldncut\foldncut\foldncut\Debug\link.2356-cvtres.read.1.tlog
C:\Users\w66_000\Documents\GitHub\foldncut\foldncut\foldncut\Debug\link.2356-cvtres.write.1.tlog
C:\Users\w66_000\Documents\GitHub\foldncut\foldncut\foldncut\Debug\link.2680.read.1.tlog
C:\Users\w66_000\Documents\GitHub\foldncut\foldncut\foldncut\Debug\link.2680.write.1.tlog
C:\Users\w66_000\Documents\GitHub\foldncut\foldncut\foldncut\Debug\link.2680-cvtres.read.1.tlog
C:\Users\w66_000\Documents\GitHub\foldncut\foldncut\foldncut\Debug\link.2680-cvtres.write.1.tlog
C:\Users\w66_000\Documents\GitHub\foldncut\foldncut\foldncut\Debug\link.2788.read.1.tlog
C:\Users\w66_000\Documents\GitHub\foldncut\foldncut\foldncut\Debug\link.2788.write.1.tlog
C:\Users\w66_000\Documents\GitHub\foldncut\foldncut\foldncut\Debug\link.2788-cvtres.read.1.tlog
C:\Users\w66_000\Documents\GitHub\foldncut\foldncut\foldncut\Debug\link.2788-cvtres.write.1.tlog
C:\Users\w66_000\Documents\GitHub\foldncut\foldncut\foldncut\Debug\link.2940.read.1.tlog
C:\Users\w66_000\Documents\GitHub\foldncut\foldncut\foldncut\Debug\link.2940.write.1.tlog
C:\Users\w66_000\Documents\GitHub\foldncut\foldncut\foldncut\Debug\link.2940-cvtres.read.1.tlog
C:\Users\w66_000\Documents\GitHub\foldncut\foldncut\foldncut\Debug\link.2940-cvtres.write.1.tlog
C:\Users\w66_000\Documents\GitHub\foldncut\foldncut\foldncut\Debug\link.3284.read.1.tlog
C:\Users\w66_000\Documents\GitHub\foldncut\foldncut\foldncut\Debug\link.3284.write.1.tlog
C:\Users\w66_000\Documents\GitHub\foldncut\foldncut\foldncut\Debug\link.3284-cvtres.read.1.tlog
C:\Users\w66_000\Documents\GitHub\foldncut\foldncut\foldncut\Debug\link.3284-cvtres.write.1.tlog
C:\Users\w66_000\Documents\GitHub\foldncut\foldncut\foldncut\Debug\link.340.read.1.tlog
C:\Users\w66_000\Documents\GitHub\foldncut\foldncut\foldncut\Debug\link.340.write.1.tlog
C:\Users\w66_000\Documents\GitHub\foldncut\foldncut\foldncut\Debug\link.340-cvtres.read.1.tlog
C:\Users\w66_000\Documents\GitHub\foldncut\foldncut\foldncut\Debug\link.340-cvtres.write.1.tlog
C:\Users\w66_000\Documents\GitHub\foldncut\foldncut\foldncut\Debug\link.3580.read.1.tlog
C:\Users\w66_000\Documents\GitHub\foldncut\foldncut\foldncut\Debug\link.3580.write.1.tlog
C:\Users\w66_000\Documents\GitHub\foldncut\foldncut\foldncut\Debug\link.3580-cvtres.read.1.tlog
C:\Users\w66_000\Documents\GitHub\foldncut\foldncut\foldncut\Debug\link.3580-cvtres.write.1.tlog
C:\Users\w66_000\Documents\GitHub\foldncut\foldncut\foldncut\Debug\link.3584.read.1.tlog
C:\Users\w66_000\Documents\GitHub\foldncut\foldncut\foldncut\Debug\link.3584.write.1.tlog
C:\Users\w66_000\Documents\GitHub\foldncut\foldncut\foldncut\Debug\link.3584-cvtres.read.1.tlog
C:\Users\w66_000\Documents\GitHub\foldncut\foldncut\foldncut\Debug\link.3584-cvtres.write.1.tlog
C:\Users\w66_000\Documents\GitHub\foldncut\foldncut\foldncut\Debug\link.3688.read.1.tlog
C:\Users\w66_000\Documents\GitHub\foldncut\foldncut\foldncut\Debug\link.3688.write.1.tlog
C:\Users\w66_000\Documents\GitHub\foldncut\foldncut\foldncut\Debug\link.3688-cvtres.read.1.tlog
C:\Users\w66_000\Documents\GitHub\foldncut\foldncut\foldncut\Debug\link.3688-cvtres.write.1.tlog
C:\Users\w66_000\Documents\GitHub\foldncut\foldncut\foldncut\Debug\link.3832.read.1.tlog
C:\Users\w66_000\Documents\GitHub\foldncut\foldncut\foldncut\Debug\link.3832.write.1.tlog
C:\Users\w66_000\Documents\GitHub\foldncut\foldncut\foldncut\Debug\link.3832-cvtres.read.1.tlog
C:\Users\w66_000\Documents\GitHub\foldncut\foldncut\foldncut\Debug\link.3832-cvtres.write.1.tlog
C:\Users\w66_000\Documents\GitHub\foldncut\foldncut\foldncut\Debug\link.416.read.1.tlog
C:\Users\w66_000\Documents\GitHub\foldncut\foldncut\foldncut\Debug\link.416.write.1.tlog
C:\Users\w66_000\Documents\GitHub\foldncut\foldncut\foldncut\Debug\link.416-cvtres.read.1.tlog
C:\Users\w66_000\Documents\GitHub\foldncut\foldncut\foldncut\Debug\link.416-cvtres.write.1.tlog
C:\Users\w66_000\Documents\GitHub\foldncut\foldncut\foldncut\Debug\link.4660.read.1.tlog
C:\Users\w66_000\Documents\GitHub\foldncut\foldncut\foldncut\Debug\link.4660.write.1.tlog
C:\Users\w66_000\Documents\GitHub\foldncut\foldncut\foldncut\Debug\link.4660-cvtres.read.1.tlog
C:\Users\w66_000\Documents\GitHub\foldncut\foldncut\foldncut\Debug\link.4660-cvtres.write.1.tlog
C:\Users\w66_000\Documents\GitHub\foldncut\foldncut\foldncut\Debug\link.4844.read.1.tlog
C:\Users\w66_000\Documents\GitHub\foldncut\foldncut\foldncut\Debug\link.4844.write.1.tlog
C:\Users\w66_000\Documents\GitHub\foldncut\foldncut\foldncut\Debug\link.4844-cvtres.read.1.tlog
C:\Users\w66_000\Documents\GitHub\foldncut\foldncut\foldncut\Debug\link.4844-cvtres.write.1.tlog
C:\Users\w66_000\Documents\GitHub\foldncut\foldncut\foldncut\Debug\link.4856.read.1.tlog
C:\Users\w66_000\Documents\GitHub\foldncut\foldncut\foldncut\Debug\link.4856.write.1.tlog
C:\Users\w66_000\Documents\GitHub\foldncut\foldncut\foldncut\Debug\link.4856-cvtres.read.1.tlog
C:\Users\w66_000\Documents\GitHub\foldncut\foldncut\foldncut\Debug\link.4856-cvtres.write.1.tlog
C:\Users\w66_000\Documents\GitHub\foldncut\foldncut\foldncut\Debug\link.4872.read.1.tlog
C:\Users\w66_000\Documents\GitHub\foldncut\foldncut\foldncut\Debug\link.4872.write.1.tlog
C:\Users\w66_000\Documents\GitHub\foldncut\foldncut\foldncut\Debug\link.4872-cvtres.read.1.tlog
C:\Users\w66_000\Documents\GitHub\foldncut\foldncut\foldncut\Debug\link.4872-cvtres.write.1.tlog
C:\Users\w66_000\Documents\GitHub\foldncut\foldncut\foldncut\Debug\link.5108.read.1.tlog
C:\Users\w66_000\Documents\GitHub\foldncut\foldncut\foldncut\Debug\link.5108.write.1.tlog
C:\Users\w66_000\Documents\GitHub\foldncut\foldncut\foldncut\Debug\link.5108-cvtres.read.1.tlog
C:\Users\w66_000\Documents\GitHub\foldncut\foldncut\foldncut\Debug\link.5108-cvtres.write.1.tlog
C:\Users\w66_000\Documents\GitHub\foldncut\foldncut\foldncut\Debug\link.5372.read.1.tlog
C:\Users\w66_000\Documents\GitHub\foldncut\foldncut\foldncut\Debug\link.5372.write.1.tlog
C:\Users\w66_000\Documents\GitHub\foldncut\foldncut\foldncut\Debug\link.5372-cvtres.read.1.tlog
C:\Users\w66_000\Documents\GitHub\foldncut\foldncut\foldncut\Debug\link.5372-cvtres.write.1.tlog
C:\Users\w66_000\Documents\GitHub\foldncut\foldncut\foldncut\Debug\link.5428.read.1.tlog
C:\Users\w66_000\Documents\GitHub\foldncut\foldncut\foldncut\Debug\link.5428.write.1.tlog
C:\Users\w66_000\Documents\GitHub\foldncut\foldncut\foldncut\Debug\link.5428-cvtres.read.1.tlog
C:\Users\w66_000\Documents\GitHub\foldncut\foldncut\foldncut\Debug\link.5428-cvtres.write.1.tlog
C:\Users\w66_000\Documents\GitHub\foldncut\foldncut\foldncut\Debug\link.5884.read.1.tlog
C:\Users\w66_000\Documents\GitHub\foldncut\foldncut\foldncut\Debug\link.5884.write.1.tlog
C:\Users\w66_000\Documents\GitHub\foldncut\foldncut\foldncut\Debug\link.5884-cvtres.read.1.tlog
C:\Users\w66_000\Documents\GitHub\foldncut\foldncut\foldncut\Debug\link.5884-cvtres.write.1.tlog
C:\Users\w66_000\Documents\GitHub\foldncut\foldncut\foldncut\Debug\link.6136.read.1.tlog
C:\Users\w66_000\Documents\GitHub\foldncut\foldncut\foldncut\Debug\link.6136.write.1.tlog
C:\Users\w66_000\Documents\GitHub\foldncut\foldncut\foldncut\Debug\link.6136-cvtres.read.1.tlog
C:\Users\w66_000\Documents\GitHub\foldncut\foldncut\foldncut\Debug\link.6136-cvtres.write.1.tlog
C:\Users\w66_000\Documents\GitHub\foldncut\foldncut\foldncut\Debug\link.6200.read.1.tlog
C:\Users\w66_000\Documents\GitHub\foldncut\foldncut\foldncut\Debug\link.6200.write.1.tlog
C:\Users\w66_000\Documents\GitHub\foldncut\foldncut\foldncut\Debug\link.6200-cvtres.read.1.tlog
C:\Users\w66_000\Documents\GitHub\foldncut\foldncut\foldncut\Debug\link.6200-cvtres.write.1.tlog
C:\Users\w66_000\Documents\GitHub\foldncut\foldncut\foldncut\Debug\link.6352.read.1.tlog
C:\Users\w66_000\Documents\GitHub\foldncut\foldncut\foldncut\Debug\link.6352.write.1.tlog
C:\Users\w66_000\Documents\GitHub\foldncut\foldncut\foldncut\Debug\link.6352-cvtres.read.1.tlog
C:\Users\w66_000\Documents\GitHub\foldncut\foldncut\foldncut\Debug\link.6352-cvtres.write.1.tlog
C:\Users\w66_000\Documents\GitHub\foldncut\foldncut\foldncut\Debug\link.6396.read.1.tlog
C:\Users\w66_000\Documents\GitHub\foldncut\foldncut\foldncut\Debug\link.6396.write.1.tlog
C:\Users\w66_000\Documents\GitHub\foldncut\foldncut\foldncut\Debug\link.6396-cvtres.read.1.tlog
C:\Users\w66_000\Documents\GitHub\foldncut\foldncut\foldncut\Debug\link.6396-cvtres.write.1.tlog
C:\Users\w66_000\Documents\GitHub\foldncut\foldncut\foldncut\Debug\link.6404.read.1.tlog
C:\Users\w66_000\Documents\GitHub\foldncut\foldncut\foldncut\Debug\link.6404.write.1.tlog
C:\Users\w66_000\Documents\GitHub\foldncut\foldncut\foldncut\Debug\link.6404-cvtres.read.1.tlog
C:\Users\w66_000\Documents\GitHub\foldncut\foldncut\foldncut\Debug\link.6404-cvtres.write.1.tlog
C:\Users\w66_000\Documents\GitHub\foldncut\foldncut\foldncut\Debug\link.6556.read.1.tlog
C:\Users\w66_000\Documents\GitHub\foldncut\foldncut\foldncut\Debug\link.6556.write.1.tlog
C:\Users\w66_000\Documents\GitHub\foldncut\foldncut\foldncut\Debug\link.6556-cvtres.read.1.tlog
C:\Users\w66_000\Documents\GitHub\foldncut\foldncut\foldncut\Debug\link.6556-cvtres.write.1.tlog
C:\Users\w66_000\Documents\GitHub\foldncut\foldncut\foldncut\Debug\link.6600.read.1.tlog
C:\Users\w66_000\Documents\GitHub\foldncut\foldncut\foldncut\Debug\link.6600.write.1.tlog
C:\Users\w66_000\Documents\GitHub\foldncut\foldncut\foldncut\Debug\link.6600-cvtres.read.1.tlog
C:\Users\w66_000\Documents\GitHub\foldncut\foldncut\foldncut\Debug\link.6600-cvtres.write.1.tlog
C:\Users\w66_000\Documents\GitHub\foldncut\foldncut\foldncut\Debug\link.6640.read.1.tlog
C:\Users\w66_000\Documents\GitHub\foldncut\foldncut\foldncut\Debug\link.6640.write.1.tlog
C:\Users\w66_000\Documents\GitHub\foldncut\foldncut\foldncut\Debug\link.6640-cvtres.read.1.tlog
C:\Users\w66_000\Documents\GitHub\foldncut\foldncut\foldncut\Debug\link.6640-cvtres.write.1.tlog
C:\Users\w66_000\Documents\GitHub\foldncut\foldncut\foldncut\Debug\link.6768.read.1.tlog
C:\Users\w66_000\Documents\GitHub\foldncut\foldncut\foldncut\Debug\link.6768.write.1.tlog
C:\Users\w66_000\Documents\GitHub\foldncut\foldncut\foldncut\Debug\link.6768-cvtres.read.1.tlog
C:\Users\w66_000\Documents\GitHub\foldncut\foldncut\foldncut\Debug\link.6768-cvtres.write.1.tlog
C:\Users\w66_000\Documents\GitHub\foldncut\foldncut\foldncut\Debug\link.6972.read.1.tlog
C:\Users\w66_000\Documents\GitHub\foldncut\foldncut\foldncut\Debug\link.6972.write.1.tlog
C:\Users\w66_000\Documents\GitHub\foldncut\foldncut\foldncut\Debug\link.6972-cvtres.read.1.tlog
C:\Users\w66_000\Documents\GitHub\foldncut\foldncut\foldncut\Debug\link.6972-cvtres.write.1.tlog
C:\Users\w66_000\Documents\GitHub\foldncut\foldncut\foldncut\Debug\link.7028.read.1.tlog
C:\Users\w66_000\Documents\GitHub\foldncut\foldncut\foldncut\Debug\link.7028.write.1.tlog
C:\Users\w66_000\Documents\GitHub\foldncut\foldncut\foldncut\Debug\link.7028-cvtres.read.1.tlog
C:\Users\w66_000\Documents\GitHub\foldncut\foldncut\foldncut\Debug\link.7028-cvtres.write.1.tlog
C:\Users\w66_000\Documents\GitHub\foldncut\foldncut\foldncut\Debug\link.7052.read.1.tlog
C:\Users\w66_000\Documents\GitHub\foldncut\foldncut\foldncut\Debug\link.7052.write.1.tlog
C:\Users\w66_000\Documents\GitHub\foldncut\foldncut\foldncut\Debug\link.7052-cvtres.read.1.tlog
C:\Users\w66_000\Documents\GitHub\foldncut\foldncut\foldncut\Debug\link.7052-cvtres.write.1.tlog
C:\Users\w66_000\Documents\GitHub\foldncut\foldncut\foldncut\Debug\link.7064.read.1.tlog
C:\Users\w66_000\Documents\GitHub\foldncut\foldncut\foldncut\Debug\link.7064.write.1.tlog
C:\Users\w66_000\Documents\GitHub\foldncut\foldncut\foldncut\Debug\link.7064-cvtres.read.1.tlog
C:\Users\w66_000\Documents\GitHub\foldncut\foldncut\foldncut\Debug\link.7064-cvtres.write.1.tlog
C:\Users\w66_000\Documents\GitHub\foldncut\foldncut\foldncut\Debug\link.7296.read.1.tlog
C:\Users\w66_000\Documents\GitHub\foldncut\foldncut\foldncut\Debug\link.7296.write.1.tlog
C:\Users\w66_000\Documents\GitHub\foldncut\foldncut\foldncut\Debug\link.7296-cvtres.read.1.tlog
C:\Users\w66_000\Documents\GitHub\foldncut\foldncut\foldncut\Debug\link.7296-cvtres.write.1.tlog
C:\Users\w66_000\Documents\GitHub\foldncut\foldncut\foldncut\Debug\link.7516.read.1.tlog
C:\Users\w66_000\Documents\GitHub\foldncut\foldncut\foldncut\Debug\link.7516.write.1.tlog
C:\Users\w66_000\Documents\GitHub\foldncut\foldncut\foldncut\Debug\link.7516-cvtres.read.1.tlog
C:\Users\w66_000\Documents\GitHub\foldncut\foldncut\foldncut\Debug\link.7516-cvtres.write.1.tlog
C:\Users\w66_000\Documents\GitHub\foldncut\foldncut\foldncut\Debug\link.752.read.1.tlog
C:\Users\w66_000\Documents\GitHub\foldncut\foldncut\foldncut\Debug\link.752.write.1.tlog
C:\Users\w66_000\Documents\GitHub\foldncut\foldncut\foldncut\Debug\link.7528.read.1.tlog
C:\Users\w66_000\Documents\GitHub\foldncut\foldncut\foldncut\Debug\link.7528.write.1.tlog
C:\Users\w66_000\Documents\GitHub\foldncut\foldncut\foldncut\Debug\link.7528-cvtres.read.1.tlog
C:\Users\w66_000\Documents\GitHub\foldncut\foldncut\foldncut\Debug\link.7528-cvtres.write.1.tlog
C:\Users\w66_000\Documents\GitHub\foldncut\foldncut\foldncut\Debug\link.752-cvtres.read.1.tlog
C:\Users\w66_000\Documents\GitHub\foldncut\foldncut\foldncut\Debug\link.752-cvtres.write.1.tlog
C:\Users\w66_000\Documents\GitHub\foldncut\foldncut\foldncut\Debug\link.7692.read.1.tlog
C:\Users\w66_000\Documents\GitHub\foldncut\foldncut\foldncut\Debug\link.7692.write.1.tlog
C:\Users\w66_000\Documents\GitHub\foldncut\foldncut\foldncut\Debug\link.7692-cvtres.read.1.tlog
C:\Users\w66_000\Documents\GitHub\foldncut\foldncut\foldncut\Debug\link.7692-cvtres.write.1.tlog
C:\Users\w66_000\Documents\GitHub\foldncut\foldncut\foldncut\Debug\link.7820.read.1.tlog
C:\Users\w66_000\Documents\GitHub\foldncut\foldncut\foldncut\Debug\link.7820.write.1.tlog
C:\Users\w66_000\Documents\GitHub\foldncut\foldncut\foldncut\Debug\link.7820-cvtres.read.1.tlog
C:\Users\w66_000\Documents\GitHub\foldncut\foldncut\foldncut\Debug\link.7820-cvtres.write.1.tlog
C:\Users\w66_000\Documents\GitHub\foldncut\foldncut\foldncut\Debug\link.7936.read.1.tlog
C:\Users\w66_000\Documents\GitHub\foldncut\foldncut\foldncut\Debug\link.7936.write.1.tlog
C:\Users\w66_000\Documents\GitHub\foldncut\foldncut\foldncut\Debug\link.7936-cvtres.read.1.tlog
C:\Users\w66_000\Documents\GitHub\foldncut\foldncut\foldncut\Debug\link.7936-cvtres.write.1.tlog
C:\Users\w66_000\Documents\GitHub\foldncut\foldncut\foldncut\Debug\link.7956.read.1.tlog
C:\Users\w66_000\Documents\GitHub\foldncut\foldncut\foldncut\Debug\link.7956.write.1.tlog
C:\Users\w66_000\Documents\GitHub\foldncut\foldncut\foldncut\Debug\link.7956-cvtres.read.1.tlog
C:\Users\w66_000\Documents\GitHub\foldncut\foldncut\foldncut\Debug\link.7956-cvtres.write.1.tlog
C:\Users\w66_000\Documents\GitHub\foldncut\foldncut\foldncut\Debug\link.7992.read.1.tlog
C:\Users\w66_000\Documents\GitHub\foldncut\foldncut\foldncut\Debug\link.7992.write.1.tlog
C:\Users\w66_000\Documents\GitHub\foldncut\foldncut\foldncut\Debug\link.7992-cvtres.read.1.tlog
C:\Users\w66_000\Documents\GitHub\foldncut\foldncut\foldncut\Debug\link.7992-cvtres.write.1.tlog
C:\Users\w66_000\Documents\GitHub\foldncut\foldncut\foldncut\Debug\link.8060.read.1.tlog
C:\Users\w66_000\Documents\GitHub\foldncut\foldncut\foldncut\Debug\link.8060.write.1.tlog
C:\Users\w66_000\Documents\GitHub\foldncut\foldncut\foldncut\Debug\link.8060-cvtres.read.1.tlog
C:\Users\w66_000\Documents\GitHub\foldncut\foldncut\foldncut\Debug\link.8060-cvtres.write.1.tlog
C:\Users\w66_000\Documents\GitHub\foldncut\foldncut\foldncut\Debug\link.8176.read.1.tlog
C:\Users\w66_000\Documents\GitHub\foldncut\foldncut\foldncut\Debug\link.8176.write.1.tlog
C:\Users\w66_000\Documents\GitHub\foldncut\foldncut\foldncut\Debug\link.8176-cvtres.read.1.tlog
C:\Users\w66_000\Documents\GitHub\foldncut\foldncut\foldncut\Debug\link.8176-cvtres.write.1.tlog
C:\Users\w66_000\Documents\GitHub\foldncut\foldncut\foldncut\Debug\link.8280.read.1.tlog
C:\Users\w66_000\Documents\GitHub\foldncut\foldncut\foldncut\Debug\link.8280.write.1.tlog
C:\Users\w66_000\Documents\GitHub\foldncut\foldncut\foldncut\Debug\link.8280-cvtres.read.1.tlog
C:\Users\w66_000\Documents\GitHub\foldncut\foldncut\foldncut\Debug\link.8280-cvtres.write.1.tlog
C:\Users\w66_000\Documents\GitHub\foldncut\foldncut\foldncut\Debug\link.8328.read.1.tlog
C:\Users\w66_000\Documents\GitHub\foldncut\foldncut\foldncut\Debug\link.8328.write.1.tlog
C:\Users\w66_000\Documents\GitHub\foldncut\foldncut\foldncut\Debug\link.8328-cvtres.read.1.tlog
C:\Users\w66_000\Documents\GitHub\foldncut\foldncut\foldncut\Debug\link.8328-cvtres.write.1.tlog
C:\Users\w66_000\Documents\GitHub\foldncut\foldncut\foldncut\Debug\link.8340.read.1.tlog
C:\Users\w66_000\Documents\GitHub\foldncut\foldncut\foldncut\Debug\link.8340.write.1.tlog
C:\Users\w66_000\Documents\GitHub\foldncut\foldncut\foldncut\Debug\link.8340-cvtres.read.1.tlog
C:\Users\w66_000\Documents\GitHub\foldncut\foldncut\foldncut\Debug\link.8340-cvtres.write.1.tlog
C:\Users\w66_000\Documents\GitHub\foldncut\foldncut\foldncut\Debug\link.8376.read.1.tlog
C:\Users\w66_000\Documents\GitHub\foldncut\foldncut\foldncut\Debug\link.8376.write.1.tlog
C:\Users\w66_000\Documents\GitHub\foldncut\foldncut\foldncut\Debug\link.8376-cvtres.read.1.tlog
C:\Users\w66_000\Documents\GitHub\foldncut\foldncut\foldncut\Debug\link.8376-cvtres.write.1.tlog
C:\Users\w66_000\Documents\GitHub\foldncut\foldncut\foldncut\Debug\link.8812.read.1.tlog
C:\Users\w66_000\Documents\GitHub\foldncut\foldncut\foldncut\Debug\link.8812.write.1.tlog
C:\Users\w66_000\Documents\GitHub\foldncut\foldncut\foldncut\Debug\link.8812-cvtres.read.1.tlog
C:\Users\w66_000\Documents\GitHub\foldncut\foldncut\foldncut\Debug\link.8812-cvtres.write.1.tlog
C:\Users\w66_000\Documents\GitHub\foldncut\foldncut\foldncut\Debug\link.8960.read.1.tlog
C:\Users\w66_000\Documents\GitHub\foldncut\foldncut\foldncut\Debug\link.8960.write.1.tlog
C:\Users\w66_000\Documents\GitHub\foldncut\foldncut\foldncut\Debug\link.8960-cvtres.read.1.tlog
C:\Users\w66_000\Documents\GitHub\foldncut\foldncut\foldncut\Debug\link.8960-cvtres.write.1.tlog
C:\Users\w66_000\Documents\GitHub\foldncut\foldncut\foldncut\Debug\link.9020.read.1.tlog
C:\Users\w66_000\Documents\GitHub\foldncut\foldncut\foldncut\Debug\link.9020.write.1.tlog
C:\Users\w66_000\Documents\GitHub\foldncut\foldncut\foldncut\Debug\link.9020-cvtres.read.1.tlog
C:\Users\w66_000\Documents\GitHub\foldncut\foldncut\foldncut\Debug\link.9020-cvtres.write.1.tlog
C:\Users\w66_000\Documents\GitHub\foldncut\foldncut\foldncut\Debug\link.9024.read.1.tlog
C:\Users\w66_000\Documents\GitHub\foldncut\foldncut\foldncut\Debug\link.9024.write.1.tlog
C:\Users\w66_000\Documents\GitHub\foldncut\foldncut\foldncut\Debug\link.9024-cvtres.read.1.tlog
C:\Users\w66_000\Documents\GitHub\foldncut\foldncut\foldncut\Debug\link.9024-cvtres.write.1.tlog
C:\Users\w66_000\Documents\GitHub\foldncut\foldncut\foldncut\Debug\link.9116.read.1.tlog
C:\Users\w66_000\Documents\GitHub\foldncut\foldncut\foldncut\Debug\link.9116.write.1.tlog
C:\Users\w66_000\Documents\GitHub\foldncut\foldncut\foldncut\Debug\link.9116-cvtres.read.1.tlog
C:\Users\w66_000\Documents\GitHub\foldncut\foldncut\foldncut\Debug\link.9116-cvtres.write.1.tlog
C:\Users\w66_000\Documents\GitHub\foldncut\foldncut\foldncut\Debug\link.9396.read.1.tlog
C:\Users\w66_000\Documents\GitHub\foldncut\foldncut\foldncut\Debug\link.9396.write.1.tlog
C:\Users\w66_000\Documents\GitHub\foldncut\foldncut\foldncut\Debug\link.9396-cvtres.read.1.tlog
C:\Users\w66_000\Documents\GitHub\foldncut\foldncut\foldncut\Debug\link.9396-cvtres.write.1.tlog
C:\Users\w66_000\Documents\GitHub\foldncut\foldncut\foldncut\Debug\link.9412.read.1.tlog
C:\Users\w66_000\Documents\GitHub\foldncut\foldncut\foldncut\Debug\link.9412.write.1.tlog
C:\Users\w66_000\Documents\GitHub\foldncut\foldncut\foldncut\Debug\link.9412-cvtres.read.1.tlog
C:\Users\w66_000\Documents\GitHub\foldncut\foldncut\foldncut\Debug\link.9412-cvtres.write.1.tlog
C:\Users\w66_000\Documents\GitHub\foldncut\foldncut\foldncut\Debug\link.9500.read.1.tlog
C:\Users\w66_000\Documents\GitHub\foldncut\foldncut\foldncut\Debug\link.9500.write.1.tlog
C:\Users\w66_000\Documents\GitHub\foldncut\foldncut\foldncut\Debug\link.9500-cvtres.read.1.tlog
C:\Users\w66_000\Documents\GitHub\foldncut\foldncut\foldncut\Debug\link.9500-cvtres.write.1.tlog
C:\Users\w66_000\Documents\GitHub\foldncut\foldncut\foldncut\Debug\link.9520.read.1.tlog
C:\Users\w66_000\Documents\GitHub\foldncut\foldncut\foldncut\Debug\link.9520.write.1.tlog
C:\Users\w66_000\Documents\GitHub\foldncut\foldncut\foldncut\Debug\link.9520-cvtres.read.1.tlog
C:\Users\w66_000\Documents\GitHub\foldncut\foldncut\foldncut\Debug\link.9520-cvtres.write.1.tlog
C:\Users\w66_000\Documents\GitHub\foldncut\foldncut\foldncut\Debug\link.9560.read.1.tlog
C:\Users\w66_000\Documents\GitHub\foldncut\foldncut\foldncut\Debug\link.9560.write.1.tlog
C:\Users\w66_000\Documents\GitHub\foldncut\foldncut\foldncut\Debug\link.9560-cvtres.read.1.tlog
C:\Users\w66_000\Documents\GitHub\foldncut\foldncut\foldncut\Debug\link.9560-cvtres.write.1.tlog
C:\Users\w66_000\Documents\GitHub\foldncut\foldncut\foldncut\Debug\link.9916.read.1.tlog
C:\Users\w66_000\Documents\GitHub\foldncut\foldncut\foldncut\Debug\link.9916.write.1.tlog
C:\Users\w66_000\Documents\GitHub\foldncut\foldncut\foldncut\Debug\link.9916-cvtres.read.1.tlog
C:\Users\w66_000\Documents\GitHub\foldncut\foldncut\foldncut\Debug\link.9916-cvtres.write.1.tlog
C:\Users\w66_000\Documents\GitHub\foldncut\foldncut\foldncut\Debug\link.command.1.tlog
C:\Users\w66_000\Documents\GitHub\foldncut\foldncut\foldncut\Debug\link.read.1.tlog
C:\Users\w66_000\Documents\GitHub\foldncut\foldncut\foldncut\Debug\link.write.1.tlog
C:\Users\w66_000\Documents\GitHub\foldncut\foldncut\foldncut\Debug\link-cvtres.read.1.tlog
C:\Users\w66_000\Documents\GitHub\foldncut\foldncut\foldncut\Debug\link-cvtres.write.1.tlog
C:\USERS\W66_000\DOCUMENTS\GITHUB\FOLDNCUT\FOLDNCUT\FOLDNCUT\DEBUG\MAIN.OBJ
C:\Users\w66_000\Documents\GitHub\foldncut\foldncut\foldncut\Debug\mt.command.1.tlog
C:\Users\w66_000\Documents\GitHub\foldncut\foldncut\foldncut\Debug\mt.read.1.tlog
C:\Users\w66_000\Documents\GitHub\foldncut\foldncut\foldncut\Debug\mt.write.1.tlog
C:\Users\w66_000\Documents\GitHub\foldncut\foldncut\foldncut\Debug\rc.command.1.tlog
C:\Users\w66_000\Documents\GitHub\foldncut\foldncut\foldncut\Debug\rc.read.1.tlog
C:\Users\w66_000\Documents\GitHub\foldncut\foldncut\foldncut\Debug\rc.write.1.tlog
C:\Users\w66_000\Documents\GitHub\foldncut\foldncut\foldncut\Debug\vc100.idb
C:\USERS\W66_000\DOCUMENTS\GITHUB\FOLDNCUT\FOLDNCUT\FOLDNCUT\DEBUG\VC100.PDB
C:\USERS\YEOJIN\DESKTOP\FOLDNCUT\DEBUG\FOLDNCUT.EXE
C:\USERS\YEOJIN\DESKTOP\FOLDNCUT\DEBUG\FOLDNCUT.ILK
C:\USERS\YEOJIN\DESKTOP\FOLDNCUT\DEBUG\FOLDNCUT.PDB
C:\USERS\YEOJIN\DESKTOP\FOLDNCUT\FOLDNCUT\DEBUG\FOLDNCUT.EXE.EMBED.MANIFEST.RES
C:\USERS\YEOJIN\DESKTOP\FOLDNCUT\FOLDNCUT\DEBUG\FOLDNCUT.EXE.INTERMEDIATE.MANIFEST
C:\USERS\YEOJIN\DESKTOP\FOLDNCUT\FOLDNCUT\DEBUG\MAIN.OBJ
C:\USERS\YEOJIN\DESKTOP\FOLDNCUT\FOLDNCUT\DEBUG\VC100.PDB
C:\USERS\YEOJIN\DOCUMENTS\GITHUB\FOLDNCUT\FOLDNCUT\DEBUG\FOLDNCUT.EXE
C:\USERS\YEOJIN\DOCUMENTS\GITHUB\FOLDNCUT\FOLDNCUT\DEBUG\FOLDNCUT.ILK
C:\USERS\YEOJIN\DOCUMENTS\GITHUB\FOLDNCUT\FOLDNCUT\DEBUG\FOLDNCUT.PDB
C:\USERS\YEOJIN\DOCUMENTS\GITHUB\FOLDNCUT\FOLDNCUT\FOLDNCUT\DEBUG\FOLDNCUT.EXE.EMBED.MANIFEST
C:\USERS\YEOJIN\DOCUMENTS\GITHUB\FOLDNCUT\FOLDNCUT\FOLDNCUT\DEBUG\FOLDNCUT.EXE.EMBED.MANIFEST.RES
C:\USERS\YEOJIN\DOCUMENTS\GITHUB\FOLDNCUT\FOLDNCUT\FOLDNCUT\DEBUG\FOLDNCUT.EXE.INTERMEDIATE.MANIFEST
C:\USERS\YEOJIN\DOCUMENTS\GITHUB\FOLDNCUT\FOLDNCUT\FOLDNCUT\DEBUG\VC100.PDB
